<project>
    <groupId>it.ciscosistem.actormodel.test</groupId>
    <artifactId>gactor-maven-plugin</artifactId>
    <version>0.0.1-SNAPSHOT</version>

    <dependencies>
        <dependency>
            <groupId>it.ciscosistem.actormodel</groupId>
            <artifactId>gactor-maven-plugin</artifactId>
            <version>0.0.1-SNAPSHOT</version>
        </dependency>
    </dependencies>
    <build>
        <plugins>
            <plugin>
                <groupId>it.ciscosistem.actormodel</groupId>
                <artifactId>gactor-maven-plugin</artifactId>
                <version>0.0.1-SNAPSHOT</version>
                <configuration>
                    <outputPath>target/actor_model_graph.txt</outputPath>
                    <inputPackage>.</inputPackage>
                    <project implementation="it.ciscosistem.actormodel.TestMavenProjectStub"/>
                </configuration>
            </plugin>
        </plugins>
    </build>
</project>